<?xml version="1.0" encoding="UTF-8"?>
<!-- Generated by org.testng.reporters.JUnitXMLReporter -->
<testsuite hostname="DESKTOP-TT5QN6E" ignored="0" name="Test" tests="3" failures="0" timestamp="2020-08-24T19:43:03 CEST" time="236.55" errors="0">
  <testcase name="TotalValidation" time="132.795" classname="practice.AppiumFramework.Ecommerce_tc_4"/>
  <testcase name="apiDemoTest" time="58.823" classname="practice.AppiumFramework.ApiDemoTest"/>
  <testcase name="apiDemoTest" time="41.876" classname="practice.AppiumFramework.ApiDemoTest"/>
</testsuite> <!-- Test -->
