<?xml version="1.0" encoding="UTF-8"?>
<testng-results skipped="0" failed="0" ignored="0" total="3" passed="3">
  <reporter-output>
  </reporter-output>
  <suite name="Suite" duration-ms="236550" started-at="2020-08-24T19:39:06 CEST" finished-at="2020-08-24T19:43:03 CEST">
    <groups>
    </groups>
    <test name="Test" duration-ms="236550" started-at="2020-08-24T19:39:06 CEST" finished-at="2020-08-24T19:43:03 CEST">
      <class name="practice.AppiumFramework.ApiDemoTest">
        <test-method status="PASS" signature="apiDemoTest(java.lang.String)[pri:0, instance:practice.AppiumFramework.ApiDemoTest@1dfe2924]" name="apiDemoTest" duration-ms="58823" started-at="2020-08-24T19:41:22 CEST" data-provider="InputData" finished-at="2020-08-24T19:42:21 CEST">
          <params>
            <param index="0">
              <value>
                <![CDATA[hello]]>
              </value>
            </param>
          </params>
          <reporter-output>
          </reporter-output>
        </test-method> <!-- apiDemoTest -->
        <test-method status="PASS" signature="apiDemoTest(java.lang.String)[pri:0, instance:practice.AppiumFramework.ApiDemoTest@1dfe2924]" name="apiDemoTest" duration-ms="41876" started-at="2020-08-24T19:42:21 CEST" data-provider="InputData" finished-at="2020-08-24T19:43:03 CEST">
          <params>
            <param index="0">
              <value>
                <![CDATA[@:%^$]]>
              </value>
            </param>
          </params>
          <reporter-output>
          </reporter-output>
        </test-method> <!-- apiDemoTest -->
      </class> <!-- practice.AppiumFramework.ApiDemoTest -->
      <class name="practice.AppiumFramework.Ecommerce_tc_4">
        <test-method status="PASS" signature="killAllNodes()[pri:0, instance:practice.AppiumFramework.Ecommerce_tc_4@35d176f7]" name="killAllNodes" is-config="true" duration-ms="3017" started-at="2020-08-24T19:39:06 CEST" finished-at="2020-08-24T19:39:09 CEST">
          <reporter-output>
          </reporter-output>
        </test-method> <!-- killAllNodes -->
        <test-method status="PASS" signature="TotalValidation()[pri:0, instance:practice.AppiumFramework.Ecommerce_tc_4@35d176f7]" name="TotalValidation" duration-ms="132795" started-at="2020-08-24T19:39:09 CEST" finished-at="2020-08-24T19:41:22 CEST">
          <reporter-output>
          </reporter-output>
        </test-method> <!-- TotalValidation -->
      </class> <!-- practice.AppiumFramework.Ecommerce_tc_4 -->
    </test> <!-- Test -->
  </suite> <!-- Suite -->
</testng-results>
